<?xml version="1.0" encoding="UTF-8"?>
<testsuite name="com.politics.trend.web.dto.HelloResponseDtoTest" tests="1" skipped="0" failures="0" errors="0" timestamp="2020-03-06T16:09:02" hostname="seongmyeongsuui-MacBookPro.local" time="0.157">
  <properties/>
  <testcase name="lombok_Library_apply" classname="com.politics.trend.web.dto.HelloResponseDtoTest" time="0.157"/>
  <system-out><![CDATA[]]></system-out>
  <system-err><![CDATA[]]></system-err>
</testsuite>
